23Sep 18:29:13 INFO   prepared email ok
23Sep 18:29:16 ERROR  **ERROR**Your message may not have been sent!
23Sep 18:29:16 ERROR  <html>
<body>
<body>
<table border="3" width="100%%">
<tr>
<th width="15%%" align="left">Date-Time</th>
<th width="80%%" align="left">Error</th>
</tr>
test</table>
</body>
</html>

23Sep 18:29:54 INFO   prepared email ok
23Sep 18:57:13 INFO   prepared email ok
23Sep 18:57:16 ERROR  **ERROR**Your message may not have been sent!
23Sep 18:57:16 ERROR  <html>
<body>
<body>
<table border="3" width="100%%">
<tr>
<th width="15%%" align="left">Date-Time</th>
<th width="80%%" align="left">Error</th>
</tr>
test</table>
</body>
</html>

23Sep 18:59:47 INFO   prepared email ok
23Sep 19:01:42 INFO   prepared email ok
23Sep 19:09:22 ERROR  **ERROR**Your message may not have been sent!
23Sep 19:09:22 ERROR  <html>
<body>
<body>
<table border="3" width="100%%">
<tr>
<th width="15%%" align="left">Date-Time</th>
<th width="80%%" align="left">Error</th>
</tr>
test</table>
</body>
</html>

24Sep 10:43:54 INFO   prepared email ok
24Sep 10:43:59 ERROR  **ERROR**Your message may not have been sent!
24Sep 10:43:59 ERROR  <html>
<body>
<body>
<table border="3" width="100%%">
<tr>
<th width="15%%" align="left">Date-Time</th>
<th width="80%%" align="left">Error</th>
</tr>
test</table>
</body>
</html>

27Sep 15:29:37 INFO   prepared email ok
27Sep 15:29:41 ERROR  **ERROR**Your message may not have been sent!
27Sep 15:29:41 ERROR  <html>
<body>
<body>
<table border="0" width="100%%">
<tr>
<td width="100%%" align="left">Your sub task created successfully</td>
</tr>
<tr>
<td width="100%%" align="left"></td>
</tr><br\>
<tr>
<td width="100%%" align="left">Hi Qing,</td>
</tr>
<tr>
<td width="100%%" align="left"></td>
</tr>
<tr>
<td width="100%%" align="left">You just created a new sub task of QRP, please refer to https://jira.refinitiv.com/browse/QRP-5794 for detail</td>
</tr>
</table>
</body>
</html>

27Sep 15:43:59 INFO   prepared email ok
27Sep 15:44:02 ERROR  **ERROR**Your message may not have been sent!
27Sep 15:44:02 ERROR  <html>
<body>
<body>
<table border="0" width="100%%">
<tr>
<td width="100%%" align="left">Your sub task created successfully</td>
</tr>
<tr>
<td width="100%%" align="left"></td>
</tr><br\>
<tr>
<td width="100%%" align="left">Hi Qing,</td>
</tr>
<tr>
<td width="100%%" align="left"></td>
</tr>
<tr>
<td width="100%%" align="left">You just created a new sub task of QRP, please refer to https://jira.refinitiv.com/browse/QRP-5795 for detail</td>
</tr>
</table>
</body>
</html>

27Sep 15:47:12 INFO   prepared email ok
27Sep 15:47:15 ERROR  **ERROR**Your message may not have been sent!
27Sep 15:47:15 ERROR  <html>
<body>
<body>
<table border="0" width="100%%">
<tr>
<td width="100%%" align="left">Your sub task created successfully</td>
</tr>
<tr>
<td width="100%%" align="left"></td>
</tr><br\>
<tr>
<td width="100%%" align="left">Hi Qing,</td>
</tr>
<tr>
<td width="100%%" align="left"></td>
</tr>
<tr>
<td width="100%%" align="left">You just created a new sub task of QRP, please refer to https://jira.refinitiv.com/browse/QRP-5796 for detail</td>
</tr>
</table>
</body>
</html>

27Sep 15:47:49 INFO   prepared email ok
27Sep 15:47:49 INFO   prepared email ok
27Sep 15:47:53 ERROR  **ERROR**Your message may not have been sent!
27Sep 15:47:53 ERROR  **ERROR**Your message may not have been sent!
27Sep 15:47:53 ERROR  <html>
<body>
<body>
<table border="0" width="100%%">
<tr>
<td width="100%%" align="left">Your sub task created successfully</td>
</tr>
<tr>
<td width="100%%" align="left"></td>
</tr><br\>
<tr>
<td width="100%%" align="left">Hi Qing,</td>
</tr>
<tr>
<td width="100%%" align="left"></td>
</tr>
<tr>
<td width="100%%" align="left">You just created a new sub task of QRP, please refer to https://jira.refinitiv.com/browse/QRP-5797 for detail</td>
</tr>
</table>
</body>
</html>

27Sep 15:47:53 ERROR  <html>
<body>
<body>
<table border="0" width="100%%">
<tr>
<td width="100%%" align="left">Your sub task created successfully</td>
</tr>
<tr>
<td width="100%%" align="left"></td>
</tr><br\>
<tr>
<td width="100%%" align="left">Hi Qing,</td>
</tr>
<tr>
<td width="100%%" align="left"></td>
</tr>
<tr>
<td width="100%%" align="left">You just created a new sub task of QRP, please refer to https://jira.refinitiv.com/browse/QRP-5797 for detail</td>
</tr>
</table>
</body>
</html>

27Sep 17:18:37 INFO   prepared email ok
27Sep 17:18:41 ERROR  **ERROR**Your message may not have been sent!
27Sep 17:18:41 ERROR  <html>
<body>
<body>
<table border="0" width="100%%">
<tr>
<td width="100%%" align="left">Your sub task created successfully</td>
</tr>
<tr>
<td width="100%%" align="left"></td>
</tr><br\>
<tr>
<td width="100%%" align="left">Hi Qing,</td>
</tr>
<tr>
<td width="100%%" align="left"></td>
</tr>
<tr>
<td width="100%%" align="left">You just created a new sub task of QRP, please refer to https://jira.refinitiv.com/browse/QRP-5798 for detail</td>
</tr>
</table>
</body>
</html>

27Sep 17:20:43 INFO   prepared email ok
27Sep 17:20:43 INFO   prepared email ok
27Sep 17:20:46 ERROR  **ERROR**Your message may not have been sent!
27Sep 17:20:46 ERROR  **ERROR**Your message may not have been sent!
27Sep 17:20:46 ERROR  <html>
<body>
<body>
<table border="0" width="100%%">
<tr>
<td width="100%%" align="left">Your sub task created successfully</td>
</tr>
<tr>
<td width="100%%" align="left"></td>
</tr><br\>
<tr>
<td width="100%%" align="left">Hi Qing,</td>
</tr>
<tr>
<td width="100%%" align="left"></td>
</tr>
<tr>
<td width="100%%" align="left">You just created a new sub task of QRP, please refer to https://jira.refinitiv.com/browse/QRP-5799 for detail</td>
</tr>
</table>
</body>
</html>

27Sep 17:20:46 ERROR  <html>
<body>
<body>
<table border="0" width="100%%">
<tr>
<td width="100%%" align="left">Your sub task created successfully</td>
</tr>
<tr>
<td width="100%%" align="left"></td>
</tr><br\>
<tr>
<td width="100%%" align="left">Hi Qing,</td>
</tr>
<tr>
<td width="100%%" align="left"></td>
</tr>
<tr>
<td width="100%%" align="left">You just created a new sub task of QRP, please refer to https://jira.refinitiv.com/browse/QRP-5799 for detail</td>
</tr>
</table>
</body>
</html>

29Sep 18:04:52 INFO   prepared email ok
29Sep 18:04:55 ERROR  **ERROR**Your message may not have been sent!
29Sep 18:04:55 ERROR  <html>
<body>
<body>
<table border="0" width="100%%">
<tr>
<td width="100%%" align="left">Your sub task created successfully</td>
</tr>
<tr>
<td width="100%%" align="left"></td>
</tr><br\>
<tr>
<td width="100%%" align="left">Hi Qing,</td>
</tr>
<tr>
<td width="100%%" align="left"></td>
</tr>
<tr>
<td width="100%%" align="left">You just created a new sub task of QRP, please refer to https://jira.refinitiv.com/browse/QRP-5809 for detail</td>
</tr>
</table>
</body>
</html>

30Sep 10:18:59 INFO   prepared email ok
30Sep 10:19:03 ERROR  **ERROR**Your message may not have been sent!
30Sep 10:19:03 ERROR  <html>
<body>
<body>
<table border="0" width="100%%">
<tr>
<td width="100%%" align="left">Your sub task created successfully</td>
</tr>
<tr>
<td width="100%%" align="left"></td>
</tr><br\>
<tr>
<td width="100%%" align="left">Hi Qing,</td>
</tr>
<tr>
<td width="100%%" align="left"></td>
</tr>
<tr>
<td width="100%%" align="left">You just created a new sub task of QRP, please refer to https://jira.refinitiv.com/browse/QRP-5811 for detail</td>
</tr>
</table>
</body>
</html>

03Oct 20:53:08 INFO   prepared email ok
03Oct 20:53:12 ERROR  **ERROR**Your message may not have been sent!
03Oct 20:53:12 ERROR  <html>
<body>
<body>
<table border="0" width="100%%">
<tr>
<td width="100%%" align="left">Your sub task created successfully</td>
</tr>
<tr>
<td width="100%%" align="left"></td>
</tr><br\>
<tr>
<td width="100%%" align="left">Hi ,</td>
</tr>
<tr>
<td width="100%%" align="left"></td>
</tr>
<tr>
<td width="100%%" align="left">You just created a new sub task of QRP, please refer to https://jira.refinitiv.com/browse/QRP-5818 for detail</td>
</tr>
</table>
</body>
</html>

03Oct 20:54:07 INFO   prepared email ok
03Oct 20:54:07 INFO   prepared email ok
03Oct 20:54:10 ERROR  **ERROR**Your message may not have been sent!
03Oct 20:54:10 ERROR  **ERROR**Your message may not have been sent!
03Oct 20:54:10 ERROR  <html>
<body>
<body>
<table border="0" width="100%%">
<tr>
<td width="100%%" align="left">Your sub task created successfully</td>
</tr>
<tr>
<td width="100%%" align="left"></td>
</tr><br\>
<tr>
<td width="100%%" align="left">Hi ,</td>
</tr>
<tr>
<td width="100%%" align="left"></td>
</tr>
<tr>
<td width="100%%" align="left">You just created a new sub task of QRP, please refer to https://jira.refinitiv.com/browse/QRP-5819 for detail</td>
</tr>
</table>
</body>
</html>

03Oct 20:54:10 ERROR  <html>
<body>
<body>
<table border="0" width="100%%">
<tr>
<td width="100%%" align="left">Your sub task created successfully</td>
</tr>
<tr>
<td width="100%%" align="left"></td>
</tr><br\>
<tr>
<td width="100%%" align="left">Hi ,</td>
</tr>
<tr>
<td width="100%%" align="left"></td>
</tr>
<tr>
<td width="100%%" align="left">You just created a new sub task of QRP, please refer to https://jira.refinitiv.com/browse/QRP-5819 for detail</td>
</tr>
</table>
</body>
</html>

03Oct 21:03:56 INFO   prepared email ok
03Oct 21:04:01 ERROR  **ERROR**Your message may not have been sent!
03Oct 21:04:01 ERROR  <html>
<body>
<body>
<table border="0" width="100%%">
<tr>
<td width="100%%" align="left">Your sub task created successfully</td>
</tr>
<tr>
<td width="100%%" align="left"></td>
</tr><br\>
<tr>
<td width="100%%" align="left">Hi ,</td>
</tr>
<tr>
<td width="100%%" align="left"></td>
</tr>
<tr>
<td width="100%%" align="left">You just created a new sub task of QRP, please refer to https://jira.refinitiv.com/browse/QRP-5820 for detail</td>
</tr>
</table>
</body>
</html>

04Oct 22:15:11 INFO   prepared email ok
04Oct 22:15:15 ERROR  **ERROR**Your message may not have been sent!
04Oct 22:15:15 ERROR  <html>
<body>
<body>
<table border="0" width="100%%">
<tr>
<td width="100%%" align="left">Your sub task created successfully</td>
</tr>
<tr>
<td width="100%%" align="left"></td>
</tr><br\>
<tr>
<td width="100%%" align="left">Hi ,</td>
</tr>
<tr>
<td width="100%%" align="left"></td>
</tr>
<tr>
<td width="100%%" align="left">You just created a new sub task of QRP, please refer to https://jira.refinitiv.com/browse/QRP-5821 for detail</td>
</tr>
</table>
</body>
</html>

04Oct 22:15:31 INFO   prepared email ok
04Oct 22:15:31 INFO   prepared email ok
04Oct 22:15:36 ERROR  **ERROR**Your message may not have been sent!
04Oct 22:15:36 ERROR  **ERROR**Your message may not have been sent!
04Oct 22:15:36 ERROR  <html>
<body>
<body>
<table border="0" width="100%%">
<tr>
<td width="100%%" align="left">Your sub task created successfully</td>
</tr>
<tr>
<td width="100%%" align="left"></td>
</tr><br\>
<tr>
<td width="100%%" align="left">Hi ,</td>
</tr>
<tr>
<td width="100%%" align="left"></td>
</tr>
<tr>
<td width="100%%" align="left">You just created a new sub task of QRP, please refer to https://jira.refinitiv.com/browse/QRP-5822 for detail</td>
</tr>
</table>
</body>
</html>

04Oct 22:15:36 ERROR  <html>
<body>
<body>
<table border="0" width="100%%">
<tr>
<td width="100%%" align="left">Your sub task created successfully</td>
</tr>
<tr>
<td width="100%%" align="left"></td>
</tr><br\>
<tr>
<td width="100%%" align="left">Hi ,</td>
</tr>
<tr>
<td width="100%%" align="left"></td>
</tr>
<tr>
<td width="100%%" align="left">You just created a new sub task of QRP, please refer to https://jira.refinitiv.com/browse/QRP-5822 for detail</td>
</tr>
</table>
</body>
</html>

04Oct 22:56:56 INFO   prepared email ok
04Oct 22:57:09 ERROR  **ERROR**Your message may not have been sent!
04Oct 22:57:09 ERROR  <html>
<body>
<body>
<table border="0" width="100%%">
<tr>
<td width="100%%" align="left">Your sub task created successfully</td>
</tr>
<tr>
<td width="100%%" align="left"></td>
</tr><br\>
<tr>
<td width="100%%" align="left">Hi Qing,</td>
</tr>
<tr>
<td width="100%%" align="left"></td>
</tr>
<tr>
<td width="100%%" align="left">You just created a new sub task of QRP, please refer to https://jira.refinitiv.com/browse/QRP-5823 for detail</td>
</tr>
</table>
</body>
</html>

04Oct 23:01:29 INFO   prepared email ok
04Oct 23:01:29 INFO   prepared email ok
04Oct 23:01:34 ERROR  **ERROR**Your message may not have been sent!
04Oct 23:01:34 ERROR  **ERROR**Your message may not have been sent!
04Oct 23:01:34 ERROR  <html>
<body>
<body>
<table border="0" width="100%%">
<tr>
<td width="100%%" align="left">Your sub task created successfully</td>
</tr>
<tr>
<td width="100%%" align="left"></td>
</tr><br\>
<tr>
<td width="100%%" align="left">Hi Qing,</td>
</tr>
<tr>
<td width="100%%" align="left"></td>
</tr>
<tr>
<td width="100%%" align="left">You just created a new sub task of QRP, please refer to https://jira.refinitiv.com/browse/QRP-5824 for detail</td>
</tr>
</table>
</body>
</html>

04Oct 23:01:34 ERROR  <html>
<body>
<body>
<table border="0" width="100%%">
<tr>
<td width="100%%" align="left">Your sub task created successfully</td>
</tr>
<tr>
<td width="100%%" align="left"></td>
</tr><br\>
<tr>
<td width="100%%" align="left">Hi Qing,</td>
</tr>
<tr>
<td width="100%%" align="left"></td>
</tr>
<tr>
<td width="100%%" align="left">You just created a new sub task of QRP, please refer to https://jira.refinitiv.com/browse/QRP-5824 for detail</td>
</tr>
</table>
</body>
</html>

04Oct 23:05:34 INFO   prepared email ok
04Oct 23:05:34 INFO   prepared email ok
04Oct 23:05:34 INFO   prepared email ok
04Oct 23:05:38 ERROR  **ERROR**Your message may not have been sent!
04Oct 23:05:38 ERROR  **ERROR**Your message may not have been sent!
04Oct 23:05:38 ERROR  **ERROR**Your message may not have been sent!
04Oct 23:05:38 ERROR  <html>
<body>
<body>
<table border="0" width="100%%">
<tr>
<td width="100%%" align="left">Your sub task created successfully</td>
</tr>
<tr>
<td width="100%%" align="left"></td>
</tr><br\>
<tr>
<td width="100%%" align="left">Hi Qing,</td>
</tr>
<tr>
<td width="100%%" align="left"></td>
</tr>
<tr>
<td width="100%%" align="left">You just created a new sub task of QRP, please refer to https://jira.refinitiv.com/browse/QRP-5825 for detail</td>
</tr>
</table>
</body>
</html>

04Oct 23:05:38 ERROR  <html>
<body>
<body>
<table border="0" width="100%%">
<tr>
<td width="100%%" align="left">Your sub task created successfully</td>
</tr>
<tr>
<td width="100%%" align="left"></td>
</tr><br\>
<tr>
<td width="100%%" align="left">Hi Qing,</td>
</tr>
<tr>
<td width="100%%" align="left"></td>
</tr>
<tr>
<td width="100%%" align="left">You just created a new sub task of QRP, please refer to https://jira.refinitiv.com/browse/QRP-5825 for detail</td>
</tr>
</table>
</body>
</html>

04Oct 23:05:38 ERROR  <html>
<body>
<body>
<table border="0" width="100%%">
<tr>
<td width="100%%" align="left">Your sub task created successfully</td>
</tr>
<tr>
<td width="100%%" align="left"></td>
</tr><br\>
<tr>
<td width="100%%" align="left">Hi Qing,</td>
</tr>
<tr>
<td width="100%%" align="left"></td>
</tr>
<tr>
<td width="100%%" align="left">You just created a new sub task of QRP, please refer to https://jira.refinitiv.com/browse/QRP-5825 for detail</td>
</tr>
</table>
</body>
</html>

04Oct 23:06:28 INFO   prepared email ok
04Oct 23:06:31 ERROR  **ERROR**Your message may not have been sent!
04Oct 23:06:31 ERROR  <html>
<body>
<body>
<table border="0" width="100%%">
<tr>
<td width="100%%" align="left">Your sub task created successfully</td>
</tr>
<tr>
<td width="100%%" align="left"></td>
</tr><br\>
<tr>
<td width="100%%" align="left">Hi Qing,</td>
</tr>
<tr>
<td width="100%%" align="left"></td>
</tr>
<tr>
<td width="100%%" align="left">You just created a new sub task of QRP, please refer to https://jira.refinitiv.com/browse/QRP-5826 for detail</td>
</tr>
</table>
</body>
</html>

08Oct 12:18:31 INFO   prepared email ok
08Oct 12:18:48 ERROR  **ERROR**Your message may not have been sent!
08Oct 12:18:48 ERROR  <html>
<body>
<body>
<table border="0" width="100%%">
<tr>
<td width="100%%" align="left">Your sub task created successfully</td>
</tr>
<tr>
<td width="100%%" align="left"></td>
</tr><br\>
<tr>
<td width="100%%" align="left">Hi Qing,</td>
</tr>
<tr>
<td width="100%%" align="left"></td>
</tr>
<tr>
<td width="100%%" align="left">You just created a new sub task of QRP, please refer to https://jira.refinitiv.com/browse/QRP-5832 for detail</td>
</tr>
</table>
</body>
</html>

08Oct 12:29:38 INFO   prepared email ok
08Oct 12:29:41 ERROR  **ERROR**Your message may not have been sent!
08Oct 12:29:41 ERROR  <html>
<body>
<body>
<table border="0" width="100%%">
<tr>
<td width="100%%" align="left">Your sub task created successfully</td>
</tr>
<tr>
<td width="100%%" align="left"></td>
</tr><br\>
<tr>
<td width="100%%" align="left">Hi Qing,</td>
</tr>
<tr>
<td width="100%%" align="left"></td>
</tr>
<tr>
<td width="100%%" align="left">You just created a new sub task of QRP, please refer to https://jira.refinitiv.com/browse/QRP-5833 for detail</td>
</tr>
</table>
</body>
</html>

08Oct 12:32:38 INFO   prepared email ok
08Oct 12:32:38 INFO   prepared email ok
08Oct 12:32:42 ERROR  **ERROR**Your message may not have been sent!
08Oct 12:32:42 ERROR  **ERROR**Your message may not have been sent!
08Oct 12:32:42 ERROR  <html>
<body>
<body>
<table border="0" width="100%%">
<tr>
<td width="100%%" align="left">Your sub task created successfully</td>
</tr>
<tr>
<td width="100%%" align="left"></td>
</tr><br\>
<tr>
<td width="100%%" align="left">Hi Qing,</td>
</tr>
<tr>
<td width="100%%" align="left"></td>
</tr>
<tr>
<td width="100%%" align="left">You just created a new sub task of QRP, please refer to https://jira.refinitiv.com/browse/QRP-5834 for detail</td>
</tr>
</table>
</body>
</html>

08Oct 12:32:42 ERROR  <html>
<body>
<body>
<table border="0" width="100%%">
<tr>
<td width="100%%" align="left">Your sub task created successfully</td>
</tr>
<tr>
<td width="100%%" align="left"></td>
</tr><br\>
<tr>
<td width="100%%" align="left">Hi Qing,</td>
</tr>
<tr>
<td width="100%%" align="left"></td>
</tr>
<tr>
<td width="100%%" align="left">You just created a new sub task of QRP, please refer to https://jira.refinitiv.com/browse/QRP-5834 for detail</td>
</tr>
</table>
</body>
</html>

08Oct 14:39:33 INFO   prepared email ok
08Oct 14:39:37 ERROR  **ERROR**Your message may not have been sent!
08Oct 14:39:37 ERROR  <html>
<body>
<body>
<table border="0" width="100%%">
<tr>
<td width="100%%" align="left">Your sub task created successfully</td>
</tr>
<tr>
<td width="100%%" align="left"></td>
</tr><br\>
<tr>
<td width="100%%" align="left">Hi Qing,</td>
</tr>
<tr>
<td width="100%%" align="left"></td>
</tr>
<tr>
<td width="100%%" align="left">You just created a new sub task of QRP, please refer to https://jira.refinitiv.com/browse/QRP-5835 for detail</td>
</tr>
</table>
</body>
</html>

12Oct 18:36:53 INFO   prepared email ok
12Oct 18:37:06 ERROR  **ERROR**Your message may not have been sent!
12Oct 18:37:06 ERROR  <html>
<body>
<body>
<table border="0" width="100%%">
<tr>
<td width="100%%" align="left">Your sub task created successfully</td>
</tr>
<tr>
<td width="100%%" align="left"></td>
</tr><br\>
<tr>
<td width="100%%" align="left">Hi Michael,</td>
</tr>
<tr>
<td width="100%%" align="left"></td>
</tr>
<tr>
<td width="100%%" align="left">You just created a new sub task of QRP, please refer to https://jira.refinitiv.com/browse/QRP-5842 for detail</td>
</tr>
</table>
</body>
</html>

14Oct 10:57:54 INFO   prepared email ok
14Oct 10:57:58 ERROR  **ERROR**Your message may not have been sent!
14Oct 10:57:58 ERROR  <html>
<body>
<body>
<table border="0" width="100%%">
<tr>
<td width="100%%" align="left">Your sub task created successfully</td>
</tr>
<tr>
<td width="100%%" align="left"></td>
</tr><br\>
<tr>
<td width="100%%" align="left">Hi Michael,</td>
</tr>
<tr>
<td width="100%%" align="left"></td>
</tr>
<tr>
<td width="100%%" align="left">You just created a new sub task of QRP, please refer to https://jira.refinitiv.com/browse/QRP-5849 for detail</td>
</tr>
</table>
</body>
</html>

02Nov 21:23:49 INFO   prepared email ok
02Nov 21:23:53 ERROR  **ERROR**Your message may not have been sent!
02Nov 21:23:53 ERROR  <html>
<body>
<body>
<table border="0" width="100%%">
<tr>
<td width="100%%" align="left">Your sub task created successfully</td>
</tr>
<tr>
<td width="100%%" align="left"></td>
</tr><br\>
<tr>
<td width="100%%" align="left">Hi Qing,</td>
</tr>
<tr>
<td width="100%%" align="left"></td>
</tr>
<tr>
<td width="100%%" align="left">You just created a new sub task of QRP, please refer to https://jira.refinitiv.com/browse/QRP-5893 for detail</td>
</tr>
</table>
</body>
</html>

